Informational Output for PART: E:\31sj1.prt
Created By:    hp
Creation Date: Fri May 31 15:33:23 2019
===============================================

+++MOM WARNING+++
Info: 缺少事件处理程序：事件名：WIZD_mill_contour__mill_contour

Informational Output for PART: E:\31sj1.prt
Created By:    hp
Creation Date: Fri May 31 15:35:32 2019
===============================================

+++MOM WARNING+++
Info: 缺少事件处理程序：事件名：WIZD_mill_contour__cavity_mill

Informational Output for PART: E:\31sj1.prt
Created By:    hp
Creation Date: Fri May 31 15:39:08 2019
===============================================

+++MOM WARNING+++
Info: 缺少事件处理程序：事件名：WIZD_drill__peck_drilling


+++MOM WARNING+++
Info: 缺少事件处理程序：事件名：WIZD_drill__tapping


+++MOM WARNING+++
Info: 缺少事件处理程序：事件名：WIZD_mill_contour__mcs


+++MOM WARNING+++
Info: 缺少事件处理程序：事件名：WIZD_mill_contour__workpiece


+++MOM WARNING+++
Info: 缺少事件处理程序：事件名：WIZD_mill_contour__mcs


+++MOM WARNING+++
Info: 缺少事件处理程序：事件名：WIZD_mill_contour__workpiece


+++MOM WARNING+++
Info: 缺少事件处理程序：事件名：WIZD_mill_contour__cavity_mill


+++MOM WARNING+++
Info: 缺少事件处理程序：事件名：WIZD_mill_planar__face_milling


+++MOM WARNING+++
Info: 缺少事件处理程序：事件名：WIZD_drill__peck_drilling


+++MOM WARNING+++
Info: 缺少事件处理程序：事件名：WIZD_drill__tapping


+++MOM WARNING+++
Info: 缺少事件处理程序：事件名：WIZD_mill_contour__cavity_mill


+++MOM WARNING+++
Info: 缺少事件处理程序：事件名：WIZD_mill_contour__zlevel_profile


+++MOM WARNING+++
Info: 缺少事件处理程序：事件名：WIZD_mill_contour__mcs


+++MOM WARNING+++
Info: 缺少事件处理程序：事件名：WIZD_mill_contour__workpiece


+++MOM WARNING+++
Info: 缺少事件处理程序：事件名：WIZD_mill_contour__cavity_mill


+++MOM WARNING+++
Info: 缺少事件处理程序：事件名：WIZD_mill_planar__face_milling


+++MOM WARNING+++
Info: 缺少事件处理程序：事件名：WIZD_mill_contour__contour_area

Informational Output for PART: E:\31sj1.prt
Created By:    hp
Creation Date: Fri May 31 16:21:43 2019
===============================================

+++MOM WARNING+++
Info: 缺少事件处理程序：事件名：WIZD_mill_contour__contour_area

