UG to STEP
! INFO-     NX STEP AP203 - V10.0
! INFO-      
! INFO-     Start of Translation: 31-MAY-2019  11:19:51 AM
! INFO-      
! STATUS-   Converting Part: F:\1111.prt
! SUMMARY-   
! SUMMARY-  Summary of Unigraphics Part Entities
! SUMMARY-  For Part: F:\1111.prt 
! SUMMARY-  Entities Processed             Count
! SUMMARY-  ------------------             -----
! SUMMARY-  Part Attribute ..............:     1
! SUMMARY-  Font ........................:     2
! SUMMARY-  Color Table .................:     2
! SUMMARY-  Coordinate System ...........:     2
! SUMMARY-  Parameter ...................:     1
! SUMMARY-  Matrix ......................:     2
! SUMMARY-  Solid .......................:
! SUMMARY-     Body .....................:     2
! SUMMARY-                                 -----
! SUMMARY-  Total                             12
! STATUS-    
! STATUS-   Converting to Output Form (Phase 2 of 3): 31-MAY-2019 11:19:51 AM
! STATUS-    
! STATUS-    
! STATUS-   Generating UG geometry and placing them in parts
! STATUS-    
! SUMMARY-   
! SUMMARY-    STEP Header Information
! SUMMARY-   
! SUMMARY-  Description      Unknown
! SUMMARY-  Imp_Level        1
! SUMMARY-  File_Name        31sj2.stp
! SUMMARY-  Date             2019-05-31T11:19:51+08:00
! SUMMARY-  Author           Unknown
! SUMMARY-  Organization     Unknown
! SUMMARY-  Pre_Version      ST-DEVELOPER v16
! SUMMARY-  Orig_System      SIEMENS PLM Software NX 10.0
! SUMMARY-  Authorization    Unknown
! SUMMARY-   
! SUMMARY-    Summary of STEP Entities
! SUMMARY-   
! SUMMARY-  Entity Type                                                   Count
! SUMMARY-  -----------                                                   ------
! SUMMARY-  advanced_brep_shape_representation .........................:      1
! SUMMARY-  advanced_face ..............................................:     22
! SUMMARY-  application_context ........................................:      1
! SUMMARY-  application_protocol_definition ............................:      1
! SUMMARY-  approval ...................................................:      3
! SUMMARY-  approval_date_time .........................................:      3
! SUMMARY-  approval_person_organization ...............................:      3
! SUMMARY-  approval_role ..............................................:      3
! SUMMARY-  approval_status ............................................:      3
! SUMMARY-  axis2_placement_3d .........................................:     27
! SUMMARY-  calendar_date ..............................................:      5
! SUMMARY-  cartesian_point ............................................:    111
! SUMMARY-  cc_design_approval .........................................:      3
! SUMMARY-  cc_design_date_and_time_assignment .........................:      2
! SUMMARY-  cc_design_person_and_organization_assignment ...............:      4
! SUMMARY-  cc_design_security_classification ..........................:      1
! SUMMARY-  closed_shell ...............................................:      2
! SUMMARY-  conversion_based_unit_and_plane_angle_unit .................:      1
! SUMMARY-  coordinated_universal_time_offset ..........................:      5
! SUMMARY-  cylindrical_surface ........................................:      2
! SUMMARY-  date_and_time ..............................................:      5
! SUMMARY-  date_time_role .............................................:      2
! SUMMARY-  design_context .............................................:      1
! SUMMARY-  dimensional_exponents ......................................:      1
! SUMMARY-  direction ..................................................:    102
! SUMMARY-  edge_curve .................................................:     52
! SUMMARY-  edge_loop ..................................................:     28
! SUMMARY-  ellipse ....................................................:      4
! SUMMARY-  face_bound .................................................:     10
! SUMMARY-  face_outer_bound ...........................................:     18
! SUMMARY-  geometric_representation_context_and_global_uncertainty_a ..:      1
! SUMMARY-  length_unit_and_si_unit ....................................:      1
! SUMMARY-  line .......................................................:     48
! SUMMARY-  local_time .................................................:      5
! SUMMARY-  manifold_solid_brep ........................................:      2
! SUMMARY-  mechanical_context .........................................:      1
! SUMMARY-  organization ...............................................:      7
! SUMMARY-  oriented_edge ..............................................:    104
! SUMMARY-  person .....................................................:      1
! SUMMARY-  person_and_organization ....................................:      7
! SUMMARY-  person_and_organization_role ...............................:      4
! SUMMARY-  plane ......................................................:     20
! SUMMARY-  plane_angle_measure_with_unit ..............................:      1
! SUMMARY-  plane_angle_unit_and_si_unit ...............................:      1
! SUMMARY-  product ....................................................:      1
! SUMMARY-  product_category ...........................................:      2
! SUMMARY-  product_definition .........................................:      1
! SUMMARY-  product_definition_formation_with_specified_source .........:      1
! SUMMARY-  product_definition_shape ...................................:      1
! SUMMARY-  product_related_product_category ...........................:      1
! SUMMARY-  security_classification ....................................:      1
! SUMMARY-  security_classification_level ..............................:      1
! SUMMARY-  shape_definition_representation ............................:      1
! SUMMARY-  shape_representation .......................................:      1
! SUMMARY-  shape_representation_relationship ..........................:      1
! SUMMARY-  si_unit_and_solid_angle_unit ...............................:      1
! SUMMARY-  uncertainty_measure_with_unit ..............................:      1
! SUMMARY-  vector .....................................................:     48
! SUMMARY-  vertex_point ...............................................:     36
! SUMMARY-                                                               -------
! SUMMARY-  Total                                                            727
! INFO-      
! INFO-     User interface/default file
! INFO-     Bspline aprx. value in effect for this translation : 2.540000e-002 mm
! INFO-      
! INFO-     Total number of solids input for this translation  :       2
! INFO-      
! INFO-     Number of solids processed without problems        :       2
! INFO-      
! INFO-     Number of solids with problems output as sheets    :       0
! INFO-      
! INFO-     Number of solids not processed                     :       0
! INFO-      
! INFO-     End of Translation: 31-MAY-2019  11:19:51 AM
! INFO-      
