UG to STEP
! INFO-     NX STEP AP203 - V10.0
! INFO-      
! INFO-     Start of Translation: 31-MAY-2019  11:25:18 AM
! INFO-      
! STATUS-   Converting Part: C:\Users\hp\Desktop\新建文件夹\32zp_stp.prt
! SUMMARY-   
! SUMMARY-  Summary of Unigraphics Part Entities
! SUMMARY-  For Part: C:\Users\hp\Desktop\新建文件夹\32zp_stp.prt 
! SUMMARY-  Entities Processed             Count
! SUMMARY-  ------------------             -----
! SUMMARY-  Part Attribute ..............:     1
! SUMMARY-  Font ........................:     1
! SUMMARY-  Color Table .................:     2
! SUMMARY-  Coordinate System ...........:     1
! SUMMARY-  Parameter ...................:     1
! SUMMARY-  Matrix ......................:     1
! SUMMARY-  Component ...................:     2
! SUMMARY-  Solid .......................:
! SUMMARY-     Body .....................:     2
! SUMMARY-                                 -----
! SUMMARY-  Total                             11
! SUMMARY-   
! SUMMARY-  Summary of Unigraphics Part Entities
! SUMMARY-  For Part: _model4.prt 
! SUMMARY-  Entities Processed             Count
! SUMMARY-  ------------------             -----
! SUMMARY-  Part Attribute ..............:     1
! SUMMARY-  Font ........................:     2
! SUMMARY-  Color Table .................:     2
! SUMMARY-  Coordinate System ...........:     3
! SUMMARY-  Parameter ...................:     1
! SUMMARY-  Matrix ......................:     1
! SUMMARY-  Reference Set ...............:     2
! SUMMARY-  Solid .......................:
! SUMMARY-     Body .....................:     2
! SUMMARY-                                 -----
! SUMMARY-  Total                             14
! SUMMARY-   
! SUMMARY-  Summary of Unigraphics Part Entities
! SUMMARY-  For Part: _model3.prt 
! SUMMARY-  Entities Processed             Count
! SUMMARY-  ------------------             -----
! SUMMARY-  Part Attribute ..............:     1
! SUMMARY-  Font ........................:     2
! SUMMARY-  Color Table .................:     2
! SUMMARY-  Coordinate System ...........:     3
! SUMMARY-  Parameter ...................:     1
! SUMMARY-  Matrix ......................:     1
! SUMMARY-  Reference Set ...............:     2
! SUMMARY-  Solid .......................:
! SUMMARY-     Body .....................:     1
! SUMMARY-                                 -----
! SUMMARY-  Total                             13
! STATUS-    
! STATUS-   Converting to Output Form (Phase 2 of 3): 31-MAY-2019 11:25:18 AM
! STATUS-    
! STATUS-    
! STATUS-   Generating UG geometry and placing them in parts
! STATUS-    
! SUMMARY-   
! SUMMARY-    STEP Header Information
! SUMMARY-   
! SUMMARY-  Description      Unknown
! SUMMARY-  Imp_Level        1
! SUMMARY-  File_Name        32zp.stp
! SUMMARY-  Date             2019-05-31T11:25:18+08:00
! SUMMARY-  Author           Unknown
! SUMMARY-  Organization     Unknown
! SUMMARY-  Pre_Version      ST-DEVELOPER v16
! SUMMARY-  Orig_System      SIEMENS PLM Software NX 10.0
! SUMMARY-  Authorization    Unknown
! SUMMARY-   
! SUMMARY-    Summary of STEP Entities
! SUMMARY-   
! SUMMARY-  Entity Type                                                   Count
! SUMMARY-  -----------                                                   ------
! SUMMARY-  advanced_brep_shape_representation .........................:      3
! SUMMARY-  advanced_face ..............................................:    188
! SUMMARY-  application_context ........................................:      1
! SUMMARY-  application_protocol_definition ............................:      1
! SUMMARY-  approval ...................................................:     11
! SUMMARY-  approval_date_time .........................................:     11
! SUMMARY-  approval_person_organization ...............................:     11
! SUMMARY-  approval_role ..............................................:     11
! SUMMARY-  approval_status ............................................:     11
! SUMMARY-  axis2_placement_3d .........................................:    415
! SUMMARY-  b_spline_curve_with_knots ..................................:      4
! SUMMARY-  calendar_date ..............................................:     19
! SUMMARY-  cartesian_point ............................................:    968
! SUMMARY-  cc_design_approval .........................................:     11
! SUMMARY-  cc_design_date_and_time_assignment .........................:      8
! SUMMARY-  cc_design_person_and_organization_assignment ...............:     14
! SUMMARY-  cc_design_security_classification ..........................:      5
! SUMMARY-  circle .....................................................:    224
! SUMMARY-  closed_shell ...............................................:      5
! SUMMARY-  context_dependent_shape_representation .....................:      2
! SUMMARY-  conversion_based_unit_and_plane_angle_unit .................:      1
! SUMMARY-  coordinated_universal_time_offset ..........................:     19
! SUMMARY-  cylindrical_surface ........................................:     74
! SUMMARY-  date_and_time ..............................................:     19
! SUMMARY-  date_time_role .............................................:      8
! SUMMARY-  design_context .............................................:      3
! SUMMARY-  dimensional_exponents ......................................:      1
! SUMMARY-  direction ..................................................:   1026
! SUMMARY-  edge_curve .................................................:    424
! SUMMARY-  edge_loop ..................................................:    250
! SUMMARY-  face_bound .................................................:    108
! SUMMARY-  face_outer_bound ...........................................:    142
! SUMMARY-  geometric_representation_context_and_global_uncertainty_a ..:      3
! SUMMARY-  item_defined_transformation ................................:      2
! SUMMARY-  length_unit_and_si_unit ....................................:      1
! SUMMARY-  line .......................................................:    196
! SUMMARY-  local_time .................................................:     19
! SUMMARY-  manifold_solid_brep ........................................:      5
! SUMMARY-  mechanical_context .........................................:      3
! SUMMARY-  next_assembly_usage_occurrence .............................:      2
! SUMMARY-  organization ...............................................:     25
! SUMMARY-  oriented_edge ..............................................:    848
! SUMMARY-  person .....................................................:      1
! SUMMARY-  person_and_organization ....................................:     25
! SUMMARY-  person_and_organization_role ...............................:     14
! SUMMARY-  plane ......................................................:     62
! SUMMARY-  plane_angle_measure_with_unit ..............................:      1
! SUMMARY-  plane_angle_unit_and_si_unit ...............................:      1
! SUMMARY-  product ....................................................:      3
! SUMMARY-  product_category ...........................................:      4
! SUMMARY-  product_definition .........................................:      3
! SUMMARY-  product_definition_formation_with_specified_source .........:      3
! SUMMARY-  product_definition_shape ...................................:      5
! SUMMARY-  product_related_product_category ...........................:      3
! SUMMARY-  representation_relationship_with_transformation_and_shape ..:      2
! SUMMARY-  security_classification ....................................:      5
! SUMMARY-  security_classification_level ..............................:      5
! SUMMARY-  shape_definition_representation ............................:      3
! SUMMARY-  shape_representation .......................................:      3
! SUMMARY-  shape_representation_relationship ..........................:      3
! SUMMARY-  si_unit_and_solid_angle_unit ...............................:      1
! SUMMARY-  toroidal_surface ...........................................:     52
! SUMMARY-  uncertainty_measure_with_unit ..............................:      3
! SUMMARY-  vector .....................................................:    196
! SUMMARY-  vertex_point ...............................................:    272
! SUMMARY-                                                               -------
! SUMMARY-  Total                                                           5772
! INFO-      
! INFO-     User interface/default file
! INFO-     Bspline aprx. value in effect for this translation : 2.540000e-002 mm
! INFO-      
! INFO-     Total number of solids input for this translation  :       5
! INFO-      
! INFO-     Number of solids processed without problems        :       5
! INFO-      
! INFO-     Number of solids with problems output as sheets    :       0
! INFO-      
! INFO-     Number of solids not processed                     :       0
! INFO-      
! INFO-     End of Translation: 31-MAY-2019  11:25:19 AM
! INFO-      
